<?xml version="1.0" encoding="UTF-8"?>
<!-- Generated by org.testng.reporters.JUnitReportReporter -->
<testsuite hostname="Branding153" failures="0" tests="4" name="test.NOPTest" time="19.354" errors="0" timestamp="2022-09-20T22:46:22 EDT" skipped="0">
  <testcase classname="test.NOPTest" name="Registration" time="6.884"/>
  <system-out/>
  <testcase classname="test.NOPTest" name="LoginTest2" time="3.884"/>
  <system-out/>
  <testcase classname="test.NOPTest" name="LoginTest3" time="2.873"/>
  <system-out/>
  <testcase classname="test.NOPTest" name="LoginTest1" time="5.713"/>
  <system-out/>
</testsuite> <!-- test.NOPTest -->
